<?xml version="1.0" encoding="UTF-8" ?>
<testsuite errors="0" failures="0" name="gov.nih.nci.wms.tests.PackageTests" tests="3" time="8.022">
  <properties>
[...]
</properties>
  <testcase classname="gov.nih.nci.wms.tests.WMSTest" name="testBasic" time="4.707"></testcase>
  <testcase classname="gov.nih.nci.wms.tests.WMSTest" name="testSecure" time="2.223"></testcase>
  <testcase classname="gov.nih.nci.wms.tests.WMSTest" name="testAnnualDemo" time="0.0"></testcase>
  <system-out><![CDATA[]]></system-out>
  <system-err><![CDATA[]]></system-err>
</testsuite>
