<?xml version="1.0" encoding="UTF-8" ?>
<testsuite errors="0" skipped="3" tests="3" time="0.016" failures="0" name="net.sf.taverna.t2.activities.wsdl.xmlsplitter.AddXMLSplitterEditTest">
  <properties>
[...]
</properties>
  <testcase classname="net.sf.taverna.t2.activities.wsdl.xmlsplitter.AddXMLSplitterEditTest" time="0.031" name="testAddOutputSplitterToWSDLActivity">
    <skipped/>
  </testcase>
  <testcase classname="net.sf.taverna.t2.activities.wsdl.xmlsplitter.AddXMLSplitterEditTest" time="0.031" name="testUndo">
    <skipped/>
  </testcase>
  <testcase classname="net.sf.taverna.t2.activities.wsdl.xmlsplitter.AddXMLSplitterEditTest" time="0.031" name="testAddInputSplitterToWSDLActivity">
    <skipped/>
  </testcase>
</testsuite>